<?xml version="1.0" encoding="UTF-8"?>
<!-- Generated by org.testng.reporters.JUnitReportReporter -->
<testsuite hostname="EG5CG9363CKK" failures="0" tests="1" name="seleniumVOIS.testcases.UserRegistrationTest" time="21.350" errors="0" timestamp="2021-01-30T16:45:42 EET" skipped="0">
  <testcase classname="seleniumVOIS.testcases.UserRegistrationTest" name="UserCanRegisterSuccssfully" time="21.350"/>
  <system-out/>
</testsuite> <!-- seleniumVOIS.testcases.UserRegistrationTest -->
