<?xml version="1.0" encoding="UTF-8"?>
<!-- Generated by org.testng.reporters.JUnitReportReporter -->
<testsuite hostname="EG5CG9363CKK" failures="0" tests="1" name="seleniumVOIS.testcases.LoginTest" time="14.821" errors="0" timestamp="2021-01-30T16:45:42 EET" skipped="0">
  <testcase classname="seleniumVOIS.testcases.LoginTest" name="Login" time="14.821"/>
  <system-out/>
</testsuite> <!-- seleniumVOIS.testcases.LoginTest -->
